{"C:\\Users\\giova\\Documents\\GitHub\\curso-clean-architeture\\src\\data\\usecases\\account\\add\\db-add-account-protocols.ts": {"path":"C:\\Users\\giova\\Documents\\GitHub\\curso-clean-architeture\\src\\data\\usecases\\account\\add\\db-add-account-protocols.ts","statementMap":{"0":{"start":{"line":1,"column":0},"end":{"line":1,"column":53}},"1":{"start":{"line":2,"column":0},"end":{"line":2,"column":39}},"2":{"start":{"line":3,"column":0},"end":{"line":3,"column":51}},"3":{"start":{"line":4,"column":0},"end":{"line":4,"column":65}},"4":{"start":{"line":5,"column":0},"end":{"line":5,"column":76}}},"fnMap":{},"branchMap":{},"s":{"0":0,"1":0,"2":0,"3":0,"4":0},"f":{},"b":{}}
,"C:\\Users\\giova\\Documents\\GitHub\\curso-clean-architeture\\src\\data\\usecases\\account\\add\\db-add-account.ts": {"path":"C:\\Users\\giova\\Documents\\GitHub\\curso-clean-architeture\\src\\data\\usecases\\account\\add\\db-add-account.ts","statementMap":{"0":{"start":{"line":5,"column":21},"end":{"line":5,"column":35}},"1":{"start":{"line":6,"column":21},"end":{"line":6,"column":63}},"2":{"start":{"line":7,"column":21},"end":{"line":7,"column":79}},"3":{"start":{"line":11,"column":20},"end":{"line":11,"column":90}},"4":{"start":{"line":12,"column":4},"end":{"line":16,"column":null}},"5":{"start":{"line":13,"column":29},"end":{"line":13,"column":73}},"6":{"start":{"line":14,"column":22},"end":{"line":14,"column":119}},"7":{"start":{"line":15,"column":6},"end":{"line":15,"column":null}},"8":{"start":{"line":17,"column":4},"end":{"line":17,"column":null}},"9":{"start":{"line":3,"column":0},"end":{"line":3,"column":13}}},"fnMap":{"0":{"name":"(anonymous_0)","decl":{"start":{"line":4,"column":2},"end":{"line":4,"column":null}},"loc":{"start":{"line":7,"column":79},"end":{"line":8,"column":6}}},"1":{"name":"(anonymous_1)","decl":{"start":{"line":10,"column":2},"end":{"line":10,"column":7}},"loc":{"start":{"line":10,"column":41},"end":{"line":18,"column":3}}}},"branchMap":{"0":{"loc":{"start":{"line":12,"column":4},"end":{"line":16,"column":null}},"type":"if","locations":[{"start":{"line":12,"column":4},"end":{"line":16,"column":null}},{"start":{"line":12,"column":4},"end":{"line":16,"column":null}}]}},"s":{"0":12,"1":12,"2":12,"3":8,"4":8,"5":7,"6":6,"7":5,"8":1,"9":6},"f":{"0":12,"1":8},"b":{"0":[7,1]}}
,"C:\\Users\\giova\\Documents\\GitHub\\curso-clean-architeture\\src\\data\\usecases\\account\\authentication\\db-authentication-protocols.ts": {"path":"C:\\Users\\giova\\Documents\\GitHub\\curso-clean-architeture\\src\\data\\usecases\\account\\authentication\\db-authentication-protocols.ts","statementMap":{"0":{"start":{"line":1,"column":0},"end":{"line":1,"column":39}},"1":{"start":{"line":2,"column":0},"end":{"line":2,"column":56}},"2":{"start":{"line":3,"column":0},"end":{"line":3,"column":76}},"3":{"start":{"line":4,"column":0},"end":{"line":4,"column":74}},"4":{"start":{"line":5,"column":0},"end":{"line":5,"column":57}},"5":{"start":{"line":6,"column":0},"end":{"line":6,"column":54}}},"fnMap":{},"branchMap":{},"s":{"0":0,"1":0,"2":0,"3":0,"4":0,"5":0},"f":{},"b":{}}
,"C:\\Users\\giova\\Documents\\GitHub\\curso-clean-architeture\\src\\data\\usecases\\account\\authentication\\db-authentication.ts": {"path":"C:\\Users\\giova\\Documents\\GitHub\\curso-clean-architeture\\src\\data\\usecases\\account\\authentication\\db-authentication.ts","statementMap":{"0":{"start":{"line":5,"column":21},"end":{"line":5,"column":79}},"1":{"start":{"line":6,"column":21},"end":{"line":6,"column":45}},"2":{"start":{"line":7,"column":21},"end":{"line":7,"column":46}},"3":{"start":{"line":8,"column":21},"end":{"line":8,"column":77}},"4":{"start":{"line":12,"column":20},"end":{"line":12,"column":93}},"5":{"start":{"line":13,"column":4},"end":{"line":20,"column":null}},"6":{"start":{"line":14,"column":22},"end":{"line":14,"column":95}},"7":{"start":{"line":15,"column":6},"end":{"line":19,"column":null}},"8":{"start":{"line":16,"column":28},"end":{"line":16,"column":73}},"9":{"start":{"line":17,"column":8},"end":{"line":17,"column":null}},"10":{"start":{"line":18,"column":8},"end":{"line":18,"column":null}},"11":{"start":{"line":21,"column":4},"end":{"line":21,"column":null}},"12":{"start":{"line":3,"column":0},"end":{"line":3,"column":13}}},"fnMap":{"0":{"name":"(anonymous_0)","decl":{"start":{"line":4,"column":2},"end":{"line":4,"column":null}},"loc":{"start":{"line":8,"column":77},"end":{"line":9,"column":6}}},"1":{"name":"(anonymous_1)","decl":{"start":{"line":11,"column":2},"end":{"line":11,"column":7}},"loc":{"start":{"line":11,"column":49},"end":{"line":22,"column":3}}}},"branchMap":{"0":{"loc":{"start":{"line":13,"column":4},"end":{"line":20,"column":null}},"type":"if","locations":[{"start":{"line":13,"column":4},"end":{"line":20,"column":null}},{"start":{"line":13,"column":4},"end":{"line":20,"column":null}}]},"1":{"loc":{"start":{"line":15,"column":6},"end":{"line":19,"column":null}},"type":"if","locations":[{"start":{"line":15,"column":6},"end":{"line":19,"column":null}},{"start":{"line":15,"column":6},"end":{"line":19,"column":null}}]}},"s":{"0":21,"1":21,"2":21,"3":21,"4":14,"5":13,"6":11,"7":10,"8":9,"9":8,"10":7,"11":3,"12":6},"f":{"0":21,"1":14},"b":{"0":[11,2],"1":[9,1]}}
,"C:\\Users\\giova\\Documents\\GitHub\\curso-clean-architeture\\src\\data\\usecases\\account\\load\\db-load-account-by-token-protocols.ts": {"path":"C:\\Users\\giova\\Documents\\GitHub\\curso-clean-architeture\\src\\data\\usecases\\account\\load\\db-load-account-by-token-protocols.ts","statementMap":{"0":{"start":{"line":1,"column":0},"end":{"line":1,"column":73}},"1":{"start":{"line":2,"column":0},"end":{"line":2,"column":54}},"2":{"start":{"line":3,"column":0},"end":{"line":3,"column":39}},"3":{"start":{"line":4,"column":0},"end":{"line":4,"column":76}}},"fnMap":{},"branchMap":{},"s":{"0":0,"1":0,"2":0,"3":0},"f":{},"b":{}}
,"C:\\Users\\giova\\Documents\\GitHub\\curso-clean-architeture\\src\\data\\usecases\\account\\load\\db-load-account-by-token.ts": {"path":"C:\\Users\\giova\\Documents\\GitHub\\curso-clean-architeture\\src\\data\\usecases\\account\\load\\db-load-account-by-token.ts","statementMap":{"0":{"start":{"line":5,"column":21},"end":{"line":5,"column":41}},"1":{"start":{"line":6,"column":21},"end":{"line":6,"column":79}},"2":{"start":{"line":10,"column":18},"end":{"line":10,"column":59}},"3":{"start":{"line":11,"column":4},"end":{"line":14,"column":null}},"4":{"start":{"line":12,"column":22},"end":{"line":12,"column":92}},"5":{"start":{"line":13,"column":6},"end":{"line":13,"column":null}},"6":{"start":{"line":13,"column":19},"end":{"line":13,"column":null}},"7":{"start":{"line":15,"column":4},"end":{"line":15,"column":null}},"8":{"start":{"line":3,"column":0},"end":{"line":3,"column":13}}},"fnMap":{"0":{"name":"(anonymous_0)","decl":{"start":{"line":4,"column":2},"end":{"line":4,"column":null}},"loc":{"start":{"line":6,"column":79},"end":{"line":7,"column":6}}},"1":{"name":"(anonymous_1)","decl":{"start":{"line":9,"column":2},"end":{"line":9,"column":7}},"loc":{"start":{"line":9,"column":48},"end":{"line":16,"column":3}}}},"branchMap":{"0":{"loc":{"start":{"line":11,"column":4},"end":{"line":14,"column":null}},"type":"if","locations":[{"start":{"line":11,"column":4},"end":{"line":14,"column":null}},{"start":{"line":11,"column":4},"end":{"line":14,"column":null}}]},"1":{"loc":{"start":{"line":13,"column":6},"end":{"line":13,"column":null}},"type":"if","locations":[{"start":{"line":13,"column":6},"end":{"line":13,"column":null}},{"start":{"line":13,"column":6},"end":{"line":13,"column":null}}]}},"s":{"0":17,"1":17,"2":9,"3":8,"4":7,"5":6,"6":5,"7":2,"8":6},"f":{"0":17,"1":9},"b":{"0":[7,1],"1":[5,1]}}
,"C:\\Users\\giova\\Documents\\GitHub\\curso-clean-architeture\\src\\data\\usecases\\survey\\add\\db-add-survey-protocols.ts": {"path":"C:\\Users\\giova\\Documents\\GitHub\\curso-clean-architeture\\src\\data\\usecases\\survey\\add\\db-add-survey-protocols.ts","statementMap":{"0":{"start":{"line":1,"column":0},"end":{"line":1,"column":51}},"1":{"start":{"line":2,"column":0},"end":{"line":2,"column":64}}},"fnMap":{},"branchMap":{},"s":{"0":0,"1":0},"f":{},"b":{}}
,"C:\\Users\\giova\\Documents\\GitHub\\curso-clean-architeture\\src\\data\\usecases\\survey\\add\\db-add-survey.ts": {"path":"C:\\Users\\giova\\Documents\\GitHub\\curso-clean-architeture\\src\\data\\usecases\\survey\\add\\db-add-survey.ts","statementMap":{"0":{"start":{"line":4,"column":32},"end":{"line":4,"column":72}},"1":{"start":{"line":6,"column":4},"end":{"line":6,"column":null}},"2":{"start":{"line":3,"column":0},"end":{"line":3,"column":13}}},"fnMap":{"0":{"name":"(anonymous_0)","decl":{"start":{"line":4,"column":2},"end":{"line":4,"column":32}},"loc":{"start":{"line":4,"column":72},"end":{"line":4,"column":76}}},"1":{"name":"(anonymous_1)","decl":{"start":{"line":5,"column":2},"end":{"line":5,"column":7}},"loc":{"start":{"line":5,"column":33},"end":{"line":7,"column":3}}}},"branchMap":{},"s":{"0":7,"1":3,"2":6},"f":{"0":7,"1":3},"b":{}}
,"C:\\Users\\giova\\Documents\\GitHub\\curso-clean-architeture\\src\\data\\usecases\\survey\\load\\db-load-surveys-protocols.ts": {"path":"C:\\Users\\giova\\Documents\\GitHub\\curso-clean-architeture\\src\\data\\usecases\\survey\\load\\db-load-surveys-protocols.ts","statementMap":{"0":{"start":{"line":1,"column":0},"end":{"line":1,"column":65}},"1":{"start":{"line":2,"column":0},"end":{"line":2,"column":53}},"2":{"start":{"line":3,"column":0},"end":{"line":3,"column":38}},"3":{"start":{"line":4,"column":0},"end":{"line":4,"column":55}}},"fnMap":{},"branchMap":{},"s":{"0":0,"1":0,"2":0,"3":0},"f":{},"b":{}}
,"C:\\Users\\giova\\Documents\\GitHub\\curso-clean-architeture\\src\\data\\usecases\\survey\\load\\db-load-surveys.ts": {"path":"C:\\Users\\giova\\Documents\\GitHub\\curso-clean-architeture\\src\\data\\usecases\\survey\\load\\db-load-surveys.ts","statementMap":{"0":{"start":{"line":5,"column":21},"end":{"line":5,"column":65}},"1":{"start":{"line":9,"column":20},"end":{"line":9,"column":62}},"2":{"start":{"line":10,"column":4},"end":{"line":10,"column":null}},"3":{"start":{"line":3,"column":0},"end":{"line":3,"column":13}}},"fnMap":{"0":{"name":"(anonymous_0)","decl":{"start":{"line":4,"column":2},"end":{"line":4,"column":null}},"loc":{"start":{"line":5,"column":65},"end":{"line":6,"column":6}}},"1":{"name":"(anonymous_1)","decl":{"start":{"line":8,"column":2},"end":{"line":8,"column":7}},"loc":{"start":{"line":8,"column":12},"end":{"line":11,"column":3}}}},"branchMap":{},"s":{"0":8,"1":4,"2":3,"3":6},"f":{"0":8,"1":4},"b":{}}
,"C:\\Users\\giova\\Documents\\GitHub\\curso-clean-architeture\\src\\infra\\criptografy\\bcrypt-adapter\\bcrypt-adapter.ts": {"path":"C:\\Users\\giova\\Documents\\GitHub\\curso-clean-architeture\\src\\infra\\criptografy\\bcrypt-adapter\\bcrypt-adapter.ts","statementMap":{"0":{"start":{"line":2,"column":0},"end":{"line":2,"column":27}},"1":{"start":{"line":5,"column":32},"end":{"line":5,"column":44}},"2":{"start":{"line":8,"column":17},"end":{"line":8,"column":52}},"3":{"start":{"line":9,"column":4},"end":{"line":9,"column":null}},"4":{"start":{"line":13,"column":20},"end":{"line":13,"column":53}},"5":{"start":{"line":14,"column":4},"end":{"line":14,"column":null}},"6":{"start":{"line":4,"column":0},"end":{"line":4,"column":13}}},"fnMap":{"0":{"name":"(anonymous_1)","decl":{"start":{"line":5,"column":2},"end":{"line":5,"column":32}},"loc":{"start":{"line":5,"column":44},"end":{"line":5,"column":48}}},"1":{"name":"(anonymous_2)","decl":{"start":{"line":7,"column":2},"end":{"line":7,"column":7}},"loc":{"start":{"line":7,"column":27},"end":{"line":10,"column":3}}},"2":{"name":"(anonymous_3)","decl":{"start":{"line":12,"column":2},"end":{"line":12,"column":7}},"loc":{"start":{"line":12,"column":44},"end":{"line":15,"column":3}}}},"branchMap":{},"s":{"0":6,"1":22,"2":4,"3":3,"4":6,"5":5,"6":6},"f":{"0":22,"1":4,"2":6},"b":{}}
,"C:\\Users\\giova\\Documents\\GitHub\\curso-clean-architeture\\src\\infra\\criptografy\\jwt-adapter\\jwt-adapter.ts": {"path":"C:\\Users\\giova\\Documents\\GitHub\\curso-clean-architeture\\src\\infra\\criptografy\\jwt-adapter\\jwt-adapter.ts","statementMap":{"0":{"start":{"line":3,"column":0},"end":{"line":3,"column":30}},"1":{"start":{"line":6,"column":32},"end":{"line":6,"column":46}},"2":{"start":{"line":9,"column":25},"end":{"line":9,"column":67}},"3":{"start":{"line":10,"column":4},"end":{"line":10,"column":null}},"4":{"start":{"line":14,"column":23},"end":{"line":14,"column":59}},"5":{"start":{"line":15,"column":4},"end":{"line":15,"column":null}},"6":{"start":{"line":5,"column":0},"end":{"line":5,"column":13}}},"fnMap":{"0":{"name":"(anonymous_1)","decl":{"start":{"line":6,"column":2},"end":{"line":6,"column":32}},"loc":{"start":{"line":6,"column":46},"end":{"line":6,"column":50}}},"1":{"name":"(anonymous_2)","decl":{"start":{"line":8,"column":2},"end":{"line":8,"column":7}},"loc":{"start":{"line":8,"column":30},"end":{"line":11,"column":3}}},"2":{"name":"(anonymous_3)","decl":{"start":{"line":13,"column":2},"end":{"line":13,"column":7}},"loc":{"start":{"line":13,"column":30},"end":{"line":16,"column":3}}}},"branchMap":{},"s":{"0":6,"1":26,"2":5,"3":4,"4":5,"5":4,"6":6},"f":{"0":26,"1":5,"2":5},"b":{}}
,"C:\\Users\\giova\\Documents\\GitHub\\curso-clean-architeture\\src\\infra\\db\\mongodb\\account\\account.-mongo-repository..ts": {"path":"C:\\Users\\giova\\Documents\\GitHub\\curso-clean-architeture\\src\\infra\\db\\mongodb\\account\\account.-mongo-repository..ts","statementMap":{"0":{"start":{"line":4,"column":0},"end":{"line":4,"column":69}},"1":{"start":{"line":11,"column":30},"end":{"line":11,"column":73}},"2":{"start":{"line":12,"column":19},"end":{"line":12,"column":65}},"3":{"start":{"line":13,"column":4},"end":{"line":13,"column":null}},"4":{"start":{"line":17,"column":30},"end":{"line":17,"column":73}},"5":{"start":{"line":18,"column":20},"end":{"line":18,"column":62}},"6":{"start":{"line":19,"column":4},"end":{"line":19,"column":null}},"7":{"start":{"line":23,"column":30},"end":{"line":23,"column":73}},"8":{"start":{"line":24,"column":4},"end":{"line":30,"column":null}},"9":{"start":{"line":34,"column":30},"end":{"line":34,"column":73}},"10":{"start":{"line":35,"column":20},"end":{"line":42,"column":6}},"11":{"start":{"line":43,"column":4},"end":{"line":43,"column":null}},"12":{"start":{"line":9,"column":0},"end":{"line":9,"column":13}}},"fnMap":{"0":{"name":"(anonymous_0)","decl":{"start":{"line":10,"column":2},"end":{"line":10,"column":7}},"loc":{"start":{"line":10,"column":41},"end":{"line":14,"column":3}}},"1":{"name":"(anonymous_1)","decl":{"start":{"line":16,"column":2},"end":{"line":16,"column":7}},"loc":{"start":{"line":16,"column":34},"end":{"line":20,"column":3}}},"2":{"name":"(anonymous_2)","decl":{"start":{"line":22,"column":2},"end":{"line":22,"column":7}},"loc":{"start":{"line":22,"column":52},"end":{"line":31,"column":3}}},"3":{"name":"(anonymous_3)","decl":{"start":{"line":33,"column":2},"end":{"line":33,"column":7}},"loc":{"start":{"line":33,"column":49},"end":{"line":44,"column":3}}}},"branchMap":{"0":{"loc":{"start":{"line":19,"column":11},"end":{"line":19,"column":18}},"type":"binary-expr","locations":[{"start":{"line":19,"column":11},"end":{"line":19,"column":18}},{"start":{"line":19,"column":22},"end":{"line":19,"column":46}}]},"1":{"loc":{"start":{"line":43,"column":11},"end":{"line":43,"column":18}},"type":"binary-expr","locations":[{"start":{"line":43,"column":11},"end":{"line":43,"column":18}},{"start":{"line":43,"column":22},"end":{"line":43,"column":46}}]}},"s":{"0":6,"1":2,"2":2,"3":2,"4":6,"5":6,"6":6,"7":3,"8":3,"9":7,"10":7,"11":7,"12":6},"f":{"0":2,"1":6,"2":3,"3":7},"b":{"0":[6,3],"1":[7,5]}}
,"C:\\Users\\giova\\Documents\\GitHub\\curso-clean-architeture\\src\\infra\\db\\mongodb\\helpers\\mongo-helper.ts": {"path":"C:\\Users\\giova\\Documents\\GitHub\\curso-clean-architeture\\src\\infra\\db\\mongodb\\helpers\\mongo-helper.ts","statementMap":{"0":{"start":{"line":1,"column":0},"end":{"line":1,"column":49}},"1":{"start":{"line":3,"column":13},"end":{"line":27,"column":null}},"2":{"start":{"line":7,"column":4},"end":{"line":7,"column":null}},"3":{"start":{"line":8,"column":4},"end":{"line":11,"column":null}},"4":{"start":{"line":14,"column":4},"end":{"line":14,"column":null}},"5":{"start":{"line":15,"column":4},"end":{"line":15,"column":null}},"6":{"start":{"line":18,"column":4},"end":{"line":20,"column":null}},"7":{"start":{"line":19,"column":6},"end":{"line":19,"column":null}},"8":{"start":{"line":21,"column":4},"end":{"line":21,"column":null}},"9":{"start":{"line":24,"column":44},"end":{"line":24,"column":54}},"10":{"start":{"line":25,"column":4},"end":{"line":25,"column":null}}},"fnMap":{"0":{"name":"(anonymous_0)","decl":{"start":{"line":6,"column":2},"end":{"line":6,"column":7}},"loc":{"start":{"line":6,"column":28},"end":{"line":12,"column":3}}},"1":{"name":"(anonymous_1)","decl":{"start":{"line":13,"column":2},"end":{"line":13,"column":7}},"loc":{"start":{"line":13,"column":18},"end":{"line":16,"column":3}}},"2":{"name":"(anonymous_2)","decl":{"start":{"line":17,"column":2},"end":{"line":17,"column":7}},"loc":{"start":{"line":17,"column":35},"end":{"line":22,"column":3}}},"3":{"name":"(anonymous_3)","decl":{"start":{"line":23,"column":7},"end":{"line":23,"column":8}},"loc":{"start":{"line":23,"column":32},"end":{"line":26,"column":3}}}},"branchMap":{"0":{"loc":{"start":{"line":18,"column":4},"end":{"line":20,"column":null}},"type":"if","locations":[{"start":{"line":18,"column":4},"end":{"line":20,"column":null}},{"start":{"line":18,"column":4},"end":{"line":20,"column":null}}]},"1":{"loc":{"start":{"line":18,"column":20},"end":{"line":18,"column":22}},"type":"cond-expr","locations":[{"start":{"line":18,"column":20},"end":{"line":18,"column":22}},{"start":{"line":18,"column":20},"end":{"line":18,"column":35}}]},"2":{"loc":{"start":{"line":18,"column":8},"end":{"line":18,"column":22}},"type":"binary-expr","locations":[{"start":{"line":18,"column":8},"end":{"line":18,"column":22}},{"start":{"line":18,"column":20},"end":{"line":18,"column":22}}]}},"s":{"0":9,"1":9,"2":7,"3":7,"4":7,"5":7,"6":50,"7":1,"8":50,"9":10,"10":10},"f":{"0":7,"1":7,"2":50,"3":10},"b":{"0":[1,49],"1":[1,49],"2":[50,49]}}
,"C:\\Users\\giova\\Documents\\GitHub\\curso-clean-architeture\\src\\infra\\db\\mongodb\\log\\log-mongo-repository.ts": {"path":"C:\\Users\\giova\\Documents\\GitHub\\curso-clean-architeture\\src\\infra\\db\\mongodb\\log\\log-mongo-repository.ts","statementMap":{"0":{"start":{"line":2,"column":0},"end":{"line":2,"column":69}},"1":{"start":{"line":6,"column":28},"end":{"line":6,"column":69}},"2":{"start":{"line":7,"column":4},"end":{"line":10,"column":null}},"3":{"start":{"line":4,"column":0},"end":{"line":4,"column":13}}},"fnMap":{"0":{"name":"(anonymous_0)","decl":{"start":{"line":5,"column":2},"end":{"line":5,"column":7}},"loc":{"start":{"line":5,"column":31},"end":{"line":11,"column":3}}}},"branchMap":{},"s":{"0":6,"1":1,"2":1,"3":6},"f":{"0":1},"b":{}}
,"C:\\Users\\giova\\Documents\\GitHub\\curso-clean-architeture\\src\\infra\\db\\mongodb\\survey\\survey-mongo-repository..ts": {"path":"C:\\Users\\giova\\Documents\\GitHub\\curso-clean-architeture\\src\\infra\\db\\mongodb\\survey\\survey-mongo-repository..ts","statementMap":{"0":{"start":{"line":5,"column":0},"end":{"line":5,"column":69}},"1":{"start":{"line":9,"column":29},"end":{"line":9,"column":71}},"2":{"start":{"line":10,"column":4},"end":{"line":10,"column":null}},"3":{"start":{"line":14,"column":29},"end":{"line":14,"column":71}},"4":{"start":{"line":15,"column":35},"end":{"line":15,"column":74}},"5":{"start":{"line":16,"column":4},"end":{"line":16,"column":null}},"6":{"start":{"line":7,"column":0},"end":{"line":7,"column":13}}},"fnMap":{"0":{"name":"(anonymous_0)","decl":{"start":{"line":8,"column":2},"end":{"line":8,"column":7}},"loc":{"start":{"line":8,"column":39},"end":{"line":11,"column":3}}},"1":{"name":"(anonymous_1)","decl":{"start":{"line":13,"column":2},"end":{"line":13,"column":7}},"loc":{"start":{"line":13,"column":15},"end":{"line":17,"column":3}}}},"branchMap":{},"s":{"0":6,"1":2,"2":2,"3":3,"4":3,"5":3,"6":6},"f":{"0":2,"1":3},"b":{}}
,"C:\\Users\\giova\\Documents\\GitHub\\curso-clean-architeture\\src\\infra\\validators\\email-validator-adapter.ts": {"path":"C:\\Users\\giova\\Documents\\GitHub\\curso-clean-architeture\\src\\infra\\validators\\email-validator-adapter.ts","statementMap":{"0":{"start":{"line":3,"column":0},"end":{"line":3,"column":33}},"1":{"start":{"line":7,"column":4},"end":{"line":7,"column":null}},"2":{"start":{"line":5,"column":0},"end":{"line":5,"column":13}}},"fnMap":{"0":{"name":"(anonymous_1)","decl":{"start":{"line":6,"column":2},"end":{"line":6,"column":9}},"loc":{"start":{"line":6,"column":24},"end":{"line":8,"column":3}}}},"branchMap":{},"s":{"0":8,"1":6,"2":8},"f":{"0":6},"b":{}}
,"C:\\Users\\giova\\Documents\\GitHub\\curso-clean-architeture\\src\\presentation\\controllers\\account\\login\\login-controller-protocols.ts": {"path":"C:\\Users\\giova\\Documents\\GitHub\\curso-clean-architeture\\src\\presentation\\controllers\\account\\login\\login-controller-protocols.ts","statementMap":{"0":{"start":{"line":1,"column":0},"end":{"line":1,"column":40}},"1":{"start":{"line":2,"column":0},"end":{"line":2,"column":56}}},"fnMap":{},"branchMap":{},"s":{"0":0,"1":0},"f":{},"b":{}}
,"C:\\Users\\giova\\Documents\\GitHub\\curso-clean-architeture\\src\\presentation\\controllers\\account\\login\\login-controller.ts": {"path":"C:\\Users\\giova\\Documents\\GitHub\\curso-clean-architeture\\src\\presentation\\controllers\\account\\login\\login-controller.ts","statementMap":{"0":{"start":{"line":2,"column":0},"end":{"line":2,"column":107}},"1":{"start":{"line":6,"column":21},"end":{"line":6,"column":43}},"2":{"start":{"line":7,"column":21},"end":{"line":7,"column":51}},"3":{"start":{"line":11,"column":4},"end":{"line":24,"column":null}},"4":{"start":{"line":12,"column":34},"end":{"line":12,"column":50}},"5":{"start":{"line":13,"column":20},"end":{"line":13,"column":62}},"6":{"start":{"line":14,"column":6},"end":{"line":16,"column":null}},"7":{"start":{"line":15,"column":8},"end":{"line":15,"column":null}},"8":{"start":{"line":17,"column":26},"end":{"line":17,"column":77}},"9":{"start":{"line":18,"column":6},"end":{"line":20,"column":null}},"10":{"start":{"line":19,"column":8},"end":{"line":19,"column":null}},"11":{"start":{"line":21,"column":6},"end":{"line":21,"column":null}},"12":{"start":{"line":23,"column":6},"end":{"line":23,"column":null}},"13":{"start":{"line":4,"column":0},"end":{"line":4,"column":13}}},"fnMap":{"0":{"name":"(anonymous_0)","decl":{"start":{"line":5,"column":2},"end":{"line":5,"column":null}},"loc":{"start":{"line":7,"column":51},"end":{"line":8,"column":6}}},"1":{"name":"(anonymous_1)","decl":{"start":{"line":10,"column":2},"end":{"line":10,"column":7}},"loc":{"start":{"line":10,"column":40},"end":{"line":25,"column":3}}}},"branchMap":{"0":{"loc":{"start":{"line":14,"column":6},"end":{"line":16,"column":null}},"type":"if","locations":[{"start":{"line":14,"column":6},"end":{"line":16,"column":null}},{"start":{"line":14,"column":6},"end":{"line":16,"column":null}}]},"1":{"loc":{"start":{"line":18,"column":6},"end":{"line":20,"column":null}},"type":"if","locations":[{"start":{"line":18,"column":6},"end":{"line":20,"column":null}},{"start":{"line":18,"column":6},"end":{"line":20,"column":null}}]}},"s":{"0":6,"1":11,"2":11,"3":8,"4":8,"5":8,"6":8,"7":1,"8":7,"9":6,"10":2,"11":4,"12":1,"13":6},"f":{"0":11,"1":8},"b":{"0":[1,7],"1":[2,4]}}
,"C:\\Users\\giova\\Documents\\GitHub\\curso-clean-architeture\\src\\presentation\\controllers\\account\\signup\\signup-controler.ts": {"path":"C:\\Users\\giova\\Documents\\GitHub\\curso-clean-architeture\\src\\presentation\\controllers\\account\\signup\\signup-controler.ts","statementMap":{"0":{"start":{"line":2,"column":0},"end":{"line":2,"column":105}},"1":{"start":{"line":4,"column":0},"end":{"line":4,"column":54}},"2":{"start":{"line":8,"column":21},"end":{"line":8,"column":42}},"3":{"start":{"line":9,"column":21},"end":{"line":9,"column":43}},"4":{"start":{"line":10,"column":21},"end":{"line":10,"column":51}},"5":{"start":{"line":14,"column":4},"end":{"line":35,"column":null}},"6":{"start":{"line":15,"column":20},"end":{"line":15,"column":62}},"7":{"start":{"line":16,"column":6},"end":{"line":18,"column":null}},"8":{"start":{"line":17,"column":8},"end":{"line":17,"column":null}},"9":{"start":{"line":19,"column":40},"end":{"line":19,"column":56}},"10":{"start":{"line":20,"column":22},"end":{"line":24,"column":8}},"11":{"start":{"line":25,"column":6},"end":{"line":27,"column":null}},"12":{"start":{"line":26,"column":8},"end":{"line":26,"column":null}},"13":{"start":{"line":28,"column":26},"end":{"line":31,"column":8}},"14":{"start":{"line":32,"column":6},"end":{"line":32,"column":null}},"15":{"start":{"line":34,"column":6},"end":{"line":34,"column":null}},"16":{"start":{"line":6,"column":0},"end":{"line":6,"column":13}}},"fnMap":{"0":{"name":"(anonymous_0)","decl":{"start":{"line":7,"column":2},"end":{"line":7,"column":null}},"loc":{"start":{"line":10,"column":51},"end":{"line":11,"column":6}}},"1":{"name":"(anonymous_1)","decl":{"start":{"line":13,"column":2},"end":{"line":13,"column":7}},"loc":{"start":{"line":13,"column":40},"end":{"line":36,"column":3}}}},"branchMap":{"0":{"loc":{"start":{"line":16,"column":6},"end":{"line":18,"column":null}},"type":"if","locations":[{"start":{"line":16,"column":6},"end":{"line":18,"column":null}},{"start":{"line":16,"column":6},"end":{"line":18,"column":null}}]},"1":{"loc":{"start":{"line":25,"column":6},"end":{"line":27,"column":null}},"type":"if","locations":[{"start":{"line":25,"column":6},"end":{"line":27,"column":null}},{"start":{"line":25,"column":6},"end":{"line":27,"column":null}}]}},"s":{"0":6,"1":6,"2":13,"3":13,"4":13,"5":9,"6":9,"7":9,"8":1,"9":8,"10":8,"11":7,"12":1,"13":6,"14":5,"15":2,"16":6},"f":{"0":13,"1":9},"b":{"0":[1,8],"1":[1,6]}}
,"C:\\Users\\giova\\Documents\\GitHub\\curso-clean-architeture\\src\\presentation\\controllers\\account\\signup\\signup-controller-protocols.ts": {"path":"C:\\Users\\giova\\Documents\\GitHub\\curso-clean-architeture\\src\\presentation\\controllers\\account\\signup\\signup-controller-protocols.ts","statementMap":{"0":{"start":{"line":1,"column":0},"end":{"line":1,"column":40}},"1":{"start":{"line":2,"column":0},"end":{"line":2,"column":53}},"2":{"start":{"line":3,"column":0},"end":{"line":3,"column":39}},"3":{"start":{"line":4,"column":0},"end":{"line":4,"column":56}},"4":{"start":{"line":5,"column":0},"end":{"line":5,"column":55}}},"fnMap":{},"branchMap":{},"s":{"0":1,"1":1,"2":1,"3":1,"4":1},"f":{},"b":{}}
,"C:\\Users\\giova\\Documents\\GitHub\\curso-clean-architeture\\src\\presentation\\controllers\\survey\\add-survey\\add-survey-controller-protocols.ts": {"path":"C:\\Users\\giova\\Documents\\GitHub\\curso-clean-architeture\\src\\presentation\\controllers\\survey\\add-survey\\add-survey-controller-protocols.ts","statementMap":{"0":{"start":{"line":1,"column":0},"end":{"line":1,"column":40}},"1":{"start":{"line":2,"column":0},"end":{"line":2,"column":51}},"2":{"start":{"line":3,"column":0},"end":{"line":3,"column":55}}},"fnMap":{},"branchMap":{},"s":{"0":6,"1":6,"2":6},"f":{},"b":{}}
,"C:\\Users\\giova\\Documents\\GitHub\\curso-clean-architeture\\src\\presentation\\controllers\\survey\\add-survey\\add-survey-controller.ts": {"path":"C:\\Users\\giova\\Documents\\GitHub\\curso-clean-architeture\\src\\presentation\\controllers\\survey\\add-survey\\add-survey-controller.ts","statementMap":{"0":{"start":{"line":1,"column":0},"end":{"line":1,"column":124}},"1":{"start":{"line":2,"column":0},"end":{"line":2,"column":80}},"2":{"start":{"line":6,"column":21},"end":{"line":6,"column":43}},"3":{"start":{"line":7,"column":21},"end":{"line":7,"column":41}},"4":{"start":{"line":11,"column":4},"end":{"line":25,"column":null}},"5":{"start":{"line":12,"column":20},"end":{"line":12,"column":62}},"6":{"start":{"line":13,"column":6},"end":{"line":15,"column":null}},"7":{"start":{"line":14,"column":8},"end":{"line":14,"column":null}},"8":{"start":{"line":16,"column":36},"end":{"line":16,"column":52}},"9":{"start":{"line":17,"column":6},"end":{"line":21,"column":null}},"10":{"start":{"line":22,"column":6},"end":{"line":22,"column":null}},"11":{"start":{"line":24,"column":6},"end":{"line":24,"column":null}},"12":{"start":{"line":4,"column":0},"end":{"line":4,"column":13}}},"fnMap":{"0":{"name":"(anonymous_0)","decl":{"start":{"line":5,"column":2},"end":{"line":5,"column":null}},"loc":{"start":{"line":7,"column":41},"end":{"line":8,"column":6}}},"1":{"name":"(anonymous_1)","decl":{"start":{"line":10,"column":2},"end":{"line":10,"column":7}},"loc":{"start":{"line":10,"column":40},"end":{"line":26,"column":3}}}},"branchMap":{"0":{"loc":{"start":{"line":13,"column":6},"end":{"line":15,"column":null}},"type":"if","locations":[{"start":{"line":13,"column":6},"end":{"line":15,"column":null}},{"start":{"line":13,"column":6},"end":{"line":15,"column":null}}]}},"s":{"0":6,"1":6,"2":10,"3":10,"4":6,"5":6,"6":6,"7":1,"8":5,"9":5,"10":4,"11":1,"12":6},"f":{"0":10,"1":6},"b":{"0":[1,5]}}
,"C:\\Users\\giova\\Documents\\GitHub\\curso-clean-architeture\\src\\presentation\\controllers\\survey\\load-surveys\\load-survey-controller-protocols.ts": {"path":"C:\\Users\\giova\\Documents\\GitHub\\curso-clean-architeture\\src\\presentation\\controllers\\survey\\load-surveys\\load-survey-controller-protocols.ts","statementMap":{"0":{"start":{"line":1,"column":0},"end":{"line":1,"column":40}},"1":{"start":{"line":2,"column":0},"end":{"line":2,"column":53}},"2":{"start":{"line":3,"column":0},"end":{"line":3,"column":38}}},"fnMap":{},"branchMap":{},"s":{"0":0,"1":0,"2":0},"f":{},"b":{}}
,"C:\\Users\\giova\\Documents\\GitHub\\curso-clean-architeture\\src\\presentation\\controllers\\survey\\load-surveys\\load-surveys-controller.ts": {"path":"C:\\Users\\giova\\Documents\\GitHub\\curso-clean-architeture\\src\\presentation\\controllers\\survey\\load-surveys\\load-surveys-controller.ts","statementMap":{"0":{"start":{"line":2,"column":0},"end":{"line":2,"column":93}},"1":{"start":{"line":5,"column":32},"end":{"line":5,"column":56}},"2":{"start":{"line":8,"column":4},"end":{"line":13,"column":null}},"3":{"start":{"line":9,"column":22},"end":{"line":9,"column":51}},"4":{"start":{"line":10,"column":6},"end":{"line":10,"column":null}},"5":{"start":{"line":12,"column":6},"end":{"line":12,"column":null}},"6":{"start":{"line":4,"column":0},"end":{"line":4,"column":13}}},"fnMap":{"0":{"name":"(anonymous_0)","decl":{"start":{"line":5,"column":2},"end":{"line":5,"column":32}},"loc":{"start":{"line":5,"column":56},"end":{"line":5,"column":60}}},"1":{"name":"(anonymous_1)","decl":{"start":{"line":7,"column":2},"end":{"line":7,"column":7}},"loc":{"start":{"line":7,"column":40},"end":{"line":14,"column":3}}}},"branchMap":{"0":{"loc":{"start":{"line":10,"column":30},"end":{"line":10,"column":50}},"type":"cond-expr","locations":[{"start":{"line":10,"column":30},"end":{"line":10,"column":50}},{"start":{"line":10,"column":53},"end":{"line":10,"column":64}}]}},"s":{"0":6,"1":9,"2":5,"3":5,"4":4,"5":1,"6":6},"f":{"0":9,"1":5},"b":{"0":[2,2]}}
,"C:\\Users\\giova\\Documents\\GitHub\\curso-clean-architeture\\src\\presentation\\erros\\access-denied-error.ts": {"path":"C:\\Users\\giova\\Documents\\GitHub\\curso-clean-architeture\\src\\presentation\\erros\\access-denied-error.ts","statementMap":{"0":{"start":{"line":3,"column":4},"end":{"line":3,"column":null}},"1":{"start":{"line":4,"column":4},"end":{"line":4,"column":null}},"2":{"start":{"line":1,"column":0},"end":{"line":1,"column":13}}},"fnMap":{"0":{"name":"(anonymous_0)","decl":{"start":{"line":2,"column":2},"end":{"line":2,"column":null}},"loc":{"start":{"line":2,"column":2},"end":{"line":5,"column":3}}}},"branchMap":{},"s":{"0":6,"1":6,"2":18},"f":{"0":6},"b":{}}
,"C:\\Users\\giova\\Documents\\GitHub\\curso-clean-architeture\\src\\presentation\\erros\\email-in-use-error.ts": {"path":"C:\\Users\\giova\\Documents\\GitHub\\curso-clean-architeture\\src\\presentation\\erros\\email-in-use-error.ts","statementMap":{"0":{"start":{"line":3,"column":4},"end":{"line":3,"column":null}},"1":{"start":{"line":4,"column":4},"end":{"line":4,"column":null}},"2":{"start":{"line":1,"column":0},"end":{"line":1,"column":13}}},"fnMap":{"0":{"name":"(anonymous_0)","decl":{"start":{"line":2,"column":2},"end":{"line":2,"column":null}},"loc":{"start":{"line":2,"column":2},"end":{"line":5,"column":3}}}},"branchMap":{},"s":{"0":2,"1":2,"2":18},"f":{"0":2},"b":{}}
,"C:\\Users\\giova\\Documents\\GitHub\\curso-clean-architeture\\src\\presentation\\erros\\index.ts": {"path":"C:\\Users\\giova\\Documents\\GitHub\\curso-clean-architeture\\src\\presentation\\erros\\index.ts","statementMap":{"0":{"start":{"line":1,"column":0},"end":{"line":1,"column":37}},"1":{"start":{"line":2,"column":0},"end":{"line":2,"column":37}},"2":{"start":{"line":3,"column":0},"end":{"line":3,"column":30}},"3":{"start":{"line":4,"column":0},"end":{"line":4,"column":35}},"4":{"start":{"line":5,"column":0},"end":{"line":5,"column":36}},"5":{"start":{"line":6,"column":0},"end":{"line":6,"column":37}}},"fnMap":{},"branchMap":{},"s":{"0":18,"1":18,"2":18,"3":18,"4":18,"5":18},"f":{},"b":{}}
,"C:\\Users\\giova\\Documents\\GitHub\\curso-clean-architeture\\src\\presentation\\erros\\invalid-param-error.ts": {"path":"C:\\Users\\giova\\Documents\\GitHub\\curso-clean-architeture\\src\\presentation\\erros\\invalid-param-error.ts","statementMap":{"0":{"start":{"line":3,"column":4},"end":{"line":3,"column":null}},"1":{"start":{"line":4,"column":4},"end":{"line":4,"column":null}},"2":{"start":{"line":1,"column":0},"end":{"line":1,"column":13}}},"fnMap":{"0":{"name":"(anonymous_0)","decl":{"start":{"line":2,"column":2},"end":{"line":2,"column":15}},"loc":{"start":{"line":2,"column":32},"end":{"line":5,"column":3}}}},"branchMap":{},"s":{"0":4,"1":4,"2":18},"f":{"0":4},"b":{}}
,"C:\\Users\\giova\\Documents\\GitHub\\curso-clean-architeture\\src\\presentation\\erros\\missing-param-error.ts": {"path":"C:\\Users\\giova\\Documents\\GitHub\\curso-clean-architeture\\src\\presentation\\erros\\missing-param-error.ts","statementMap":{"0":{"start":{"line":3,"column":4},"end":{"line":3,"column":null}},"1":{"start":{"line":4,"column":4},"end":{"line":4,"column":null}},"2":{"start":{"line":1,"column":0},"end":{"line":1,"column":13}}},"fnMap":{"0":{"name":"(anonymous_0)","decl":{"start":{"line":2,"column":2},"end":{"line":2,"column":15}},"loc":{"start":{"line":2,"column":32},"end":{"line":5,"column":3}}}},"branchMap":{},"s":{"0":9,"1":9,"2":18},"f":{"0":9},"b":{}}
,"C:\\Users\\giova\\Documents\\GitHub\\curso-clean-architeture\\src\\presentation\\erros\\server-error.ts": {"path":"C:\\Users\\giova\\Documents\\GitHub\\curso-clean-architeture\\src\\presentation\\erros\\server-error.ts","statementMap":{"0":{"start":{"line":3,"column":4},"end":{"line":3,"column":null}},"1":{"start":{"line":4,"column":4},"end":{"line":4,"column":null}},"2":{"start":{"line":5,"column":4},"end":{"line":5,"column":null}},"3":{"start":{"line":1,"column":0},"end":{"line":1,"column":13}}},"fnMap":{"0":{"name":"(anonymous_0)","decl":{"start":{"line":2,"column":2},"end":{"line":2,"column":15}},"loc":{"start":{"line":2,"column":28},"end":{"line":6,"column":3}}}},"branchMap":{},"s":{"0":12,"1":12,"2":12,"3":18},"f":{"0":12},"b":{}}
,"C:\\Users\\giova\\Documents\\GitHub\\curso-clean-architeture\\src\\presentation\\erros\\unautorized-error.ts": {"path":"C:\\Users\\giova\\Documents\\GitHub\\curso-clean-architeture\\src\\presentation\\erros\\unautorized-error.ts","statementMap":{"0":{"start":{"line":3,"column":4},"end":{"line":3,"column":null}},"1":{"start":{"line":4,"column":4},"end":{"line":4,"column":null}},"2":{"start":{"line":1,"column":0},"end":{"line":1,"column":13}}},"fnMap":{"0":{"name":"(anonymous_0)","decl":{"start":{"line":2,"column":2},"end":{"line":2,"column":null}},"loc":{"start":{"line":2,"column":2},"end":{"line":5,"column":3}}}},"branchMap":{},"s":{"0":3,"1":3,"2":18},"f":{"0":3},"b":{}}
,"C:\\Users\\giova\\Documents\\GitHub\\curso-clean-architeture\\src\\presentation\\helpers\\http\\http-helper.ts": {"path":"C:\\Users\\giova\\Documents\\GitHub\\curso-clean-architeture\\src\\presentation\\helpers\\http\\http-helper.ts","statementMap":{"0":{"start":{"line":2,"column":0},"end":{"line":2,"column":68}},"1":{"start":{"line":4,"column":13},"end":{"line":7,"column":null}},"2":{"start":{"line":4,"column":57},"end":{"line":7,"column":2}},"3":{"start":{"line":9,"column":13},"end":{"line":12,"column":null}},"4":{"start":{"line":9,"column":46},"end":{"line":12,"column":2}},"5":{"start":{"line":14,"column":13},"end":{"line":17,"column":null}},"6":{"start":{"line":14,"column":59},"end":{"line":17,"column":2}},"7":{"start":{"line":19,"column":13},"end":{"line":22,"column":null}},"8":{"start":{"line":19,"column":48},"end":{"line":22,"column":2}},"9":{"start":{"line":24,"column":13},"end":{"line":27,"column":null}},"10":{"start":{"line":24,"column":60},"end":{"line":27,"column":2}},"11":{"start":{"line":29,"column":13},"end":{"line":32,"column":null}},"12":{"start":{"line":29,"column":58},"end":{"line":32,"column":2}}},"fnMap":{"0":{"name":"(anonymous_0)","decl":{"start":{"line":4,"column":27},"end":{"line":4,"column":28}},"loc":{"start":{"line":4,"column":57},"end":{"line":7,"column":2}}},"1":{"name":"(anonymous_1)","decl":{"start":{"line":9,"column":25},"end":{"line":9,"column":42}},"loc":{"start":{"line":9,"column":46},"end":{"line":12,"column":2}}},"2":{"name":"(anonymous_2)","decl":{"start":{"line":14,"column":26},"end":{"line":14,"column":27}},"loc":{"start":{"line":14,"column":59},"end":{"line":17,"column":2}}},"3":{"name":"(anonymous_3)","decl":{"start":{"line":19,"column":27},"end":{"line":19,"column":44}},"loc":{"start":{"line":19,"column":48},"end":{"line":22,"column":2}}},"4":{"name":"(anonymous_4)","decl":{"start":{"line":24,"column":27},"end":{"line":24,"column":28}},"loc":{"start":{"line":24,"column":60},"end":{"line":27,"column":2}}},"5":{"name":"(anonymous_5)","decl":{"start":{"line":29,"column":25},"end":{"line":29,"column":26}},"loc":{"start":{"line":29,"column":58},"end":{"line":32,"column":2}}}},"branchMap":{},"s":{"0":10,"1":10,"2":19,"3":10,"4":8,"5":10,"6":6,"7":10,"8":3,"9":10,"10":11,"11":10,"12":8},"f":{"0":19,"1":8,"2":6,"3":3,"4":11,"5":8},"b":{}}
,"C:\\Users\\giova\\Documents\\GitHub\\curso-clean-architeture\\src\\presentation\\middlewares\\auth\\auth-middleware-protocols.ts": {"path":"C:\\Users\\giova\\Documents\\GitHub\\curso-clean-architeture\\src\\presentation\\middlewares\\auth\\auth-middleware-protocols.ts","statementMap":{"0":{"start":{"line":1,"column":0},"end":{"line":1,"column":63}},"1":{"start":{"line":2,"column":0},"end":{"line":2,"column":36}},"2":{"start":{"line":3,"column":0},"end":{"line":3,"column":55}},"3":{"start":{"line":4,"column":0},"end":{"line":4,"column":40}}},"fnMap":{},"branchMap":{},"s":{"0":6,"1":6,"2":6,"3":6},"f":{},"b":{}}
,"C:\\Users\\giova\\Documents\\GitHub\\curso-clean-architeture\\src\\presentation\\middlewares\\auth\\auth-middleware.ts": {"path":"C:\\Users\\giova\\Documents\\GitHub\\curso-clean-architeture\\src\\presentation\\middlewares\\auth\\auth-middleware.ts","statementMap":{"0":{"start":{"line":1,"column":0},"end":{"line":1,"column":159}},"1":{"start":{"line":5,"column":21},"end":{"line":5,"column":59}},"2":{"start":{"line":6,"column":21},"end":{"line":6,"column":34}},"3":{"start":{"line":10,"column":4},"end":{"line":19,"column":null}},"4":{"start":{"line":11,"column":23},"end":{"line":11,"column":65}},"5":{"start":{"line":12,"column":6},"end":{"line":15,"column":null}},"6":{"start":{"line":13,"column":24},"end":{"line":13,"column":82}},"7":{"start":{"line":14,"column":8},"end":{"line":14,"column":null}},"8":{"start":{"line":14,"column":21},"end":{"line":14,"column":null}},"9":{"start":{"line":16,"column":6},"end":{"line":16,"column":null}},"10":{"start":{"line":18,"column":6},"end":{"line":18,"column":null}},"11":{"start":{"line":3,"column":0},"end":{"line":3,"column":13}}},"fnMap":{"0":{"name":"(anonymous_0)","decl":{"start":{"line":4,"column":2},"end":{"line":4,"column":null}},"loc":{"start":{"line":6,"column":34},"end":{"line":7,"column":6}}},"1":{"name":"(anonymous_1)","decl":{"start":{"line":9,"column":2},"end":{"line":9,"column":7}},"loc":{"start":{"line":9,"column":40},"end":{"line":20,"column":3}}}},"branchMap":{"0":{"loc":{"start":{"line":11,"column":45},"end":{"line":11,"column":48}},"type":"cond-expr","locations":[{"start":{"line":11,"column":45},"end":{"line":11,"column":48}},{"start":{"line":11,"column":45},"end":{"line":11,"column":65}}]},"1":{"loc":{"start":{"line":11,"column":23},"end":{"line":11,"column":48}},"type":"binary-expr","locations":[{"start":{"line":11,"column":23},"end":{"line":11,"column":48}},{"start":{"line":11,"column":45},"end":{"line":11,"column":48}}]},"2":{"loc":{"start":{"line":12,"column":6},"end":{"line":15,"column":null}},"type":"if","locations":[{"start":{"line":12,"column":6},"end":{"line":15,"column":null}},{"start":{"line":12,"column":6},"end":{"line":15,"column":null}}]},"3":{"loc":{"start":{"line":14,"column":8},"end":{"line":14,"column":null}},"type":"if","locations":[{"start":{"line":14,"column":8},"end":{"line":14,"column":null}},{"start":{"line":14,"column":8},"end":{"line":14,"column":null}}]}},"s":{"0":6,"1":15,"2":15,"3":9,"4":9,"5":9,"6":6,"7":5,"8":4,"9":4,"10":1,"11":6},"f":{"0":15,"1":9},"b":{"0":[1,8],"1":[9,9],"2":[6,3],"3":[4,1]}}
,"C:\\Users\\giova\\Documents\\GitHub\\curso-clean-architeture\\src\\presentation\\protocols\\index.ts": {"path":"C:\\Users\\giova\\Documents\\GitHub\\curso-clean-architeture\\src\\presentation\\protocols\\index.ts","statementMap":{"0":{"start":{"line":1,"column":0},"end":{"line":1,"column":28}},"1":{"start":{"line":2,"column":0},"end":{"line":2,"column":22}},"2":{"start":{"line":3,"column":0},"end":{"line":3,"column":28}},"3":{"start":{"line":4,"column":0},"end":{"line":4,"column":28}}},"fnMap":{},"branchMap":{},"s":{"0":8,"1":8,"2":8,"3":8},"f":{},"b":{}}
,"C:\\Users\\giova\\Documents\\GitHub\\curso-clean-architeture\\src\\validation\\validators\\compare-fields-validation.ts": {"path":"C:\\Users\\giova\\Documents\\GitHub\\curso-clean-architeture\\src\\validation\\validators\\compare-fields-validation.ts","statementMap":{"0":{"start":{"line":2,"column":0},"end":{"line":2,"column":56}},"1":{"start":{"line":6,"column":21},"end":{"line":6,"column":38}},"2":{"start":{"line":7,"column":21},"end":{"line":7,"column":45}},"3":{"start":{"line":11,"column":4},"end":{"line":13,"column":null}},"4":{"start":{"line":12,"column":6},"end":{"line":12,"column":null}},"5":{"start":{"line":4,"column":0},"end":{"line":4,"column":13}}},"fnMap":{"0":{"name":"(anonymous_0)","decl":{"start":{"line":5,"column":2},"end":{"line":5,"column":null}},"loc":{"start":{"line":7,"column":45},"end":{"line":8,"column":6}}},"1":{"name":"(anonymous_1)","decl":{"start":{"line":10,"column":2},"end":{"line":10,"column":10}},"loc":{"start":{"line":10,"column":22},"end":{"line":14,"column":3}}}},"branchMap":{"0":{"loc":{"start":{"line":11,"column":4},"end":{"line":13,"column":null}},"type":"if","locations":[{"start":{"line":11,"column":4},"end":{"line":13,"column":null}},{"start":{"line":11,"column":4},"end":{"line":13,"column":null}}]}},"s":{"0":10,"1":9,"2":9,"3":3,"4":1,"5":10},"f":{"0":9,"1":3},"b":{"0":[1,2]}}
,"C:\\Users\\giova\\Documents\\GitHub\\curso-clean-architeture\\src\\validation\\validators\\email-validation.ts": {"path":"C:\\Users\\giova\\Documents\\GitHub\\curso-clean-architeture\\src\\validation\\validators\\email-validation.ts","statementMap":{"0":{"start":{"line":2,"column":0},"end":{"line":2,"column":56}},"1":{"start":{"line":7,"column":21},"end":{"line":7,"column":38}},"2":{"start":{"line":8,"column":21},"end":{"line":8,"column":51}},"3":{"start":{"line":12,"column":20},"end":{"line":12,"column":70}},"4":{"start":{"line":13,"column":4},"end":{"line":15,"column":null}},"5":{"start":{"line":14,"column":6},"end":{"line":14,"column":null}},"6":{"start":{"line":5,"column":0},"end":{"line":5,"column":13}}},"fnMap":{"0":{"name":"(anonymous_0)","decl":{"start":{"line":6,"column":2},"end":{"line":6,"column":null}},"loc":{"start":{"line":8,"column":51},"end":{"line":9,"column":6}}},"1":{"name":"(anonymous_1)","decl":{"start":{"line":11,"column":2},"end":{"line":11,"column":10}},"loc":{"start":{"line":11,"column":22},"end":{"line":16,"column":3}}}},"branchMap":{"0":{"loc":{"start":{"line":13,"column":4},"end":{"line":15,"column":null}},"type":"if","locations":[{"start":{"line":13,"column":4},"end":{"line":15,"column":null}},{"start":{"line":13,"column":4},"end":{"line":15,"column":null}}]}},"s":{"0":10,"1":17,"2":17,"3":6,"4":5,"5":1,"6":10},"f":{"0":17,"1":6},"b":{"0":[1,4]}}
,"C:\\Users\\giova\\Documents\\GitHub\\curso-clean-architeture\\src\\validation\\validators\\index.ts": {"path":"C:\\Users\\giova\\Documents\\GitHub\\curso-clean-architeture\\src\\validation\\validators\\index.ts","statementMap":{"0":{"start":{"line":1,"column":0},"end":{"line":1,"column":43}},"1":{"start":{"line":2,"column":0},"end":{"line":2,"column":34}},"2":{"start":{"line":3,"column":0},"end":{"line":3,"column":43}},"3":{"start":{"line":4,"column":0},"end":{"line":4,"column":38}}},"fnMap":{},"branchMap":{},"s":{"0":9,"1":9,"2":9,"3":9},"f":{},"b":{}}
,"C:\\Users\\giova\\Documents\\GitHub\\curso-clean-architeture\\src\\validation\\validators\\required-field-validation.ts": {"path":"C:\\Users\\giova\\Documents\\GitHub\\curso-clean-architeture\\src\\validation\\validators\\required-field-validation.ts","statementMap":{"0":{"start":{"line":2,"column":0},"end":{"line":2,"column":56}},"1":{"start":{"line":5,"column":32},"end":{"line":5,"column":49}},"2":{"start":{"line":8,"column":4},"end":{"line":10,"column":null}},"3":{"start":{"line":9,"column":6},"end":{"line":9,"column":null}},"4":{"start":{"line":4,"column":0},"end":{"line":4,"column":13}}},"fnMap":{"0":{"name":"(anonymous_0)","decl":{"start":{"line":5,"column":2},"end":{"line":5,"column":32}},"loc":{"start":{"line":5,"column":49},"end":{"line":5,"column":53}}},"1":{"name":"(anonymous_1)","decl":{"start":{"line":7,"column":2},"end":{"line":7,"column":10}},"loc":{"start":{"line":7,"column":22},"end":{"line":11,"column":3}}}},"branchMap":{"0":{"loc":{"start":{"line":8,"column":4},"end":{"line":10,"column":null}},"type":"if","locations":[{"start":{"line":8,"column":4},"end":{"line":10,"column":null}},{"start":{"line":8,"column":4},"end":{"line":10,"column":null}}]}},"s":{"0":10,"1":62,"2":12,"3":1,"4":10},"f":{"0":62,"1":12},"b":{"0":[1,11]}}
,"C:\\Users\\giova\\Documents\\GitHub\\curso-clean-architeture\\src\\validation\\validators\\validation-composite.ts": {"path":"C:\\Users\\giova\\Documents\\GitHub\\curso-clean-architeture\\src\\validation\\validators\\validation-composite.ts","statementMap":{"0":{"start":{"line":4,"column":32},"end":{"line":4,"column":57}},"1":{"start":{"line":7,"column":4},"end":{"line":12,"column":null}},"2":{"start":{"line":8,"column":20},"end":{"line":8,"column":46}},"3":{"start":{"line":9,"column":6},"end":{"line":11,"column":null}},"4":{"start":{"line":10,"column":8},"end":{"line":10,"column":null}},"5":{"start":{"line":3,"column":0},"end":{"line":3,"column":13}}},"fnMap":{"0":{"name":"(anonymous_0)","decl":{"start":{"line":4,"column":2},"end":{"line":4,"column":32}},"loc":{"start":{"line":4,"column":57},"end":{"line":4,"column":61}}},"1":{"name":"(anonymous_1)","decl":{"start":{"line":6,"column":2},"end":{"line":6,"column":10}},"loc":{"start":{"line":6,"column":22},"end":{"line":13,"column":3}}}},"branchMap":{"0":{"loc":{"start":{"line":9,"column":6},"end":{"line":11,"column":null}},"type":"if","locations":[{"start":{"line":9,"column":6},"end":{"line":11,"column":null}},{"start":{"line":9,"column":6},"end":{"line":11,"column":null}}]}},"s":{"0":18,"1":7,"2":19,"3":19,"4":2,"5":10},"f":{"0":18,"1":7},"b":{"0":[2,17]}}
}
