TN:
SF:src\data\usecases\account\add\db-add-account-protocols.ts
FNF:0
FNH:0
DA:1,0
DA:2,0
DA:3,0
DA:4,0
DA:5,0
LF:5
LH:0
BRF:0
BRH:0
end_of_record
TN:
SF:src\data\usecases\account\add\db-add-account.ts
FN:4,(anonymous_0)
FN:10,(anonymous_1)
FNF:2
FNH:2
FNDA:12,(anonymous_0)
FNDA:8,(anonymous_1)
DA:3,6
DA:5,12
DA:6,12
DA:7,12
DA:11,8
DA:12,8
DA:13,7
DA:14,6
DA:15,5
DA:17,1
LF:10
LH:10
BRDA:12,0,0,7
BRDA:12,0,1,1
BRF:2
BRH:2
end_of_record
TN:
SF:src\data\usecases\account\authentication\db-authentication-protocols.ts
FNF:0
FNH:0
DA:1,0
DA:2,0
DA:3,0
DA:4,0
DA:5,0
DA:6,0
LF:6
LH:0
BRF:0
BRH:0
end_of_record
TN:
SF:src\data\usecases\account\authentication\db-authentication.ts
FN:4,(anonymous_0)
FN:11,(anonymous_1)
FNF:2
FNH:2
FNDA:21,(anonymous_0)
FNDA:14,(anonymous_1)
DA:3,6
DA:5,21
DA:6,21
DA:7,21
DA:8,21
DA:12,14
DA:13,13
DA:14,11
DA:15,10
DA:16,9
DA:17,8
DA:18,7
DA:21,3
LF:13
LH:13
BRDA:13,0,0,11
BRDA:13,0,1,2
BRDA:15,1,0,9
BRDA:15,1,1,1
BRF:4
BRH:4
end_of_record
TN:
SF:src\data\usecases\account\load\db-load-account-by-token-protocols.ts
FNF:0
FNH:0
DA:1,0
DA:2,0
DA:3,0
DA:4,0
LF:4
LH:0
BRF:0
BRH:0
end_of_record
TN:
SF:src\data\usecases\account\load\db-load-account-by-token.ts
FN:4,(anonymous_0)
FN:9,(anonymous_1)
FNF:2
FNH:2
FNDA:17,(anonymous_0)
FNDA:9,(anonymous_1)
DA:3,6
DA:5,17
DA:6,17
DA:10,9
DA:11,8
DA:12,7
DA:13,6
DA:15,2
LF:8
LH:8
BRDA:11,0,0,7
BRDA:11,0,1,1
BRDA:13,1,0,5
BRDA:13,1,1,1
BRF:4
BRH:4
end_of_record
TN:
SF:src\data\usecases\survey\add\db-add-survey-protocols.ts
FNF:0
FNH:0
DA:1,0
DA:2,0
LF:2
LH:0
BRF:0
BRH:0
end_of_record
TN:
SF:src\data\usecases\survey\add\db-add-survey.ts
FN:4,(anonymous_0)
FN:5,(anonymous_1)
FNF:2
FNH:2
FNDA:7,(anonymous_0)
FNDA:3,(anonymous_1)
DA:3,6
DA:4,7
DA:6,3
LF:3
LH:3
BRF:0
BRH:0
end_of_record
TN:
SF:src\data\usecases\survey\load\db-load-surveys-protocols.ts
FNF:0
FNH:0
DA:1,0
DA:2,0
DA:3,0
DA:4,0
LF:4
LH:0
BRF:0
BRH:0
end_of_record
TN:
SF:src\data\usecases\survey\load\db-load-surveys.ts
FN:4,(anonymous_0)
FN:8,(anonymous_1)
FNF:2
FNH:2
FNDA:8,(anonymous_0)
FNDA:4,(anonymous_1)
DA:3,6
DA:5,8
DA:9,4
DA:10,3
LF:4
LH:4
BRF:0
BRH:0
end_of_record
TN:
SF:src\infra\criptografy\bcrypt-adapter\bcrypt-adapter.ts
FN:5,(anonymous_1)
FN:7,(anonymous_2)
FN:12,(anonymous_3)
FNF:3
FNH:3
FNDA:22,(anonymous_1)
FNDA:4,(anonymous_2)
FNDA:6,(anonymous_3)
DA:2,6
DA:4,6
DA:5,22
DA:8,4
DA:9,3
DA:13,6
DA:14,5
LF:7
LH:7
BRF:0
BRH:0
end_of_record
TN:
SF:src\infra\criptografy\jwt-adapter\jwt-adapter.ts
FN:6,(anonymous_1)
FN:8,(anonymous_2)
FN:13,(anonymous_3)
FNF:3
FNH:3
FNDA:26,(anonymous_1)
FNDA:5,(anonymous_2)
FNDA:5,(anonymous_3)
DA:3,6
DA:5,6
DA:6,26
DA:9,5
DA:10,4
DA:14,5
DA:15,4
LF:7
LH:7
BRF:0
BRH:0
end_of_record
TN:
SF:src\infra\db\mongodb\account\account.-mongo-repository..ts
FN:10,(anonymous_0)
FN:16,(anonymous_1)
FN:22,(anonymous_2)
FN:33,(anonymous_3)
FNF:4
FNH:4
FNDA:2,(anonymous_0)
FNDA:6,(anonymous_1)
FNDA:3,(anonymous_2)
FNDA:7,(anonymous_3)
DA:4,6
DA:9,6
DA:11,2
DA:12,2
DA:13,2
DA:17,6
DA:18,6
DA:19,6
DA:23,3
DA:24,3
DA:34,7
DA:35,7
DA:43,7
LF:13
LH:13
BRDA:19,0,0,6
BRDA:19,0,1,3
BRDA:43,1,0,7
BRDA:43,1,1,5
BRF:4
BRH:4
end_of_record
TN:
SF:src\infra\db\mongodb\helpers\mongo-helper.ts
FN:6,(anonymous_0)
FN:13,(anonymous_1)
FN:17,(anonymous_2)
FN:23,(anonymous_3)
FNF:4
FNH:4
FNDA:7,(anonymous_0)
FNDA:7,(anonymous_1)
FNDA:50,(anonymous_2)
FNDA:10,(anonymous_3)
DA:1,9
DA:3,9
DA:7,7
DA:8,7
DA:14,7
DA:15,7
DA:18,50
DA:19,1
DA:21,50
DA:24,10
DA:25,10
LF:11
LH:11
BRDA:18,0,0,1
BRDA:18,0,1,49
BRDA:18,1,0,1
BRDA:18,1,1,49
BRDA:18,2,0,50
BRDA:18,2,1,49
BRF:6
BRH:6
end_of_record
TN:
SF:src\infra\db\mongodb\log\log-mongo-repository.ts
FN:5,(anonymous_0)
FNF:1
FNH:1
FNDA:1,(anonymous_0)
DA:2,6
DA:4,6
DA:6,1
DA:7,1
LF:4
LH:4
BRF:0
BRH:0
end_of_record
TN:
SF:src\infra\db\mongodb\survey\survey-mongo-repository..ts
FN:8,(anonymous_0)
FN:13,(anonymous_1)
FNF:2
FNH:2
FNDA:2,(anonymous_0)
FNDA:3,(anonymous_1)
DA:5,6
DA:7,6
DA:9,2
DA:10,2
DA:14,3
DA:15,3
DA:16,3
LF:7
LH:7
BRF:0
BRH:0
end_of_record
TN:
SF:src\infra\validators\email-validator-adapter.ts
FN:6,(anonymous_1)
FNF:1
FNH:1
FNDA:6,(anonymous_1)
DA:3,8
DA:5,8
DA:7,6
LF:3
LH:3
BRF:0
BRH:0
end_of_record
TN:
SF:src\presentation\controllers\account\login\login-controller-protocols.ts
FNF:0
FNH:0
DA:1,0
DA:2,0
LF:2
LH:0
BRF:0
BRH:0
end_of_record
TN:
SF:src\presentation\controllers\account\login\login-controller.ts
FN:5,(anonymous_0)
FN:10,(anonymous_1)
FNF:2
FNH:2
FNDA:11,(anonymous_0)
FNDA:8,(anonymous_1)
DA:2,6
DA:4,6
DA:6,11
DA:7,11
DA:11,8
DA:12,8
DA:13,8
DA:14,8
DA:15,1
DA:17,7
DA:18,6
DA:19,2
DA:21,4
DA:23,1
LF:14
LH:14
BRDA:14,0,0,1
BRDA:14,0,1,7
BRDA:18,1,0,2
BRDA:18,1,1,4
BRF:4
BRH:4
end_of_record
TN:
SF:src\presentation\controllers\account\signup\signup-controler.ts
FN:7,(anonymous_0)
FN:13,(anonymous_1)
FNF:2
FNH:2
FNDA:13,(anonymous_0)
FNDA:9,(anonymous_1)
DA:2,6
DA:4,6
DA:6,6
DA:8,13
DA:9,13
DA:10,13
DA:14,9
DA:15,9
DA:16,9
DA:17,1
DA:19,8
DA:20,8
DA:25,7
DA:26,1
DA:28,6
DA:32,5
DA:34,2
LF:17
LH:17
BRDA:16,0,0,1
BRDA:16,0,1,8
BRDA:25,1,0,1
BRDA:25,1,1,6
BRF:4
BRH:4
end_of_record
TN:
SF:src\presentation\controllers\account\signup\signup-controller-protocols.ts
FNF:0
FNH:0
DA:1,1
DA:2,1
DA:3,1
DA:4,1
DA:5,1
LF:5
LH:5
BRF:0
BRH:0
end_of_record
TN:
SF:src\presentation\controllers\survey\add-survey\add-survey-controller-protocols.ts
FNF:0
FNH:0
DA:1,6
DA:2,6
DA:3,6
LF:3
LH:3
BRF:0
BRH:0
end_of_record
TN:
SF:src\presentation\controllers\survey\add-survey\add-survey-controller.ts
FN:5,(anonymous_0)
FN:10,(anonymous_1)
FNF:2
FNH:2
FNDA:10,(anonymous_0)
FNDA:6,(anonymous_1)
DA:1,6
DA:2,6
DA:4,6
DA:6,10
DA:7,10
DA:11,6
DA:12,6
DA:13,6
DA:14,1
DA:16,5
DA:17,5
DA:22,4
DA:24,1
LF:13
LH:13
BRDA:13,0,0,1
BRDA:13,0,1,5
BRF:2
BRH:2
end_of_record
TN:
SF:src\presentation\controllers\survey\load-surveys\load-survey-controller-protocols.ts
FNF:0
FNH:0
DA:1,0
DA:2,0
DA:3,0
LF:3
LH:0
BRF:0
BRH:0
end_of_record
TN:
SF:src\presentation\controllers\survey\load-surveys\load-surveys-controller.ts
FN:5,(anonymous_0)
FN:7,(anonymous_1)
FNF:2
FNH:2
FNDA:9,(anonymous_0)
FNDA:5,(anonymous_1)
DA:2,6
DA:4,6
DA:5,9
DA:8,5
DA:9,5
DA:10,4
DA:12,1
LF:7
LH:7
BRDA:10,0,0,2
BRDA:10,0,1,2
BRF:2
BRH:2
end_of_record
TN:
SF:src\presentation\erros\access-denied-error.ts
FN:2,(anonymous_0)
FNF:1
FNH:1
FNDA:6,(anonymous_0)
DA:1,18
DA:3,6
DA:4,6
LF:3
LH:3
BRF:0
BRH:0
end_of_record
TN:
SF:src\presentation\erros\email-in-use-error.ts
FN:2,(anonymous_0)
FNF:1
FNH:1
FNDA:2,(anonymous_0)
DA:1,18
DA:3,2
DA:4,2
LF:3
LH:3
BRF:0
BRH:0
end_of_record
TN:
SF:src\presentation\erros\index.ts
FNF:0
FNH:0
DA:1,18
DA:2,18
DA:3,18
DA:4,18
DA:5,18
DA:6,18
LF:6
LH:6
BRF:0
BRH:0
end_of_record
TN:
SF:src\presentation\erros\invalid-param-error.ts
FN:2,(anonymous_0)
FNF:1
FNH:1
FNDA:4,(anonymous_0)
DA:1,18
DA:3,4
DA:4,4
LF:3
LH:3
BRF:0
BRH:0
end_of_record
TN:
SF:src\presentation\erros\missing-param-error.ts
FN:2,(anonymous_0)
FNF:1
FNH:1
FNDA:9,(anonymous_0)
DA:1,18
DA:3,9
DA:4,9
LF:3
LH:3
BRF:0
BRH:0
end_of_record
TN:
SF:src\presentation\erros\server-error.ts
FN:2,(anonymous_0)
FNF:1
FNH:1
FNDA:12,(anonymous_0)
DA:1,18
DA:3,12
DA:4,12
DA:5,12
LF:4
LH:4
BRF:0
BRH:0
end_of_record
TN:
SF:src\presentation\erros\unautorized-error.ts
FN:2,(anonymous_0)
FNF:1
FNH:1
FNDA:3,(anonymous_0)
DA:1,18
DA:3,3
DA:4,3
LF:3
LH:3
BRF:0
BRH:0
end_of_record
TN:
SF:src\presentation\helpers\http\http-helper.ts
FN:4,(anonymous_0)
FN:9,(anonymous_1)
FN:14,(anonymous_2)
FN:19,(anonymous_3)
FN:24,(anonymous_4)
FN:29,(anonymous_5)
FNF:6
FNH:6
FNDA:19,(anonymous_0)
FNDA:8,(anonymous_1)
FNDA:6,(anonymous_2)
FNDA:3,(anonymous_3)
FNDA:11,(anonymous_4)
FNDA:8,(anonymous_5)
DA:2,10
DA:4,19
DA:9,10
DA:14,10
DA:19,10
DA:24,11
DA:29,10
LF:7
LH:7
BRF:0
BRH:0
end_of_record
TN:
SF:src\presentation\middlewares\auth\auth-middleware-protocols.ts
FNF:0
FNH:0
DA:1,6
DA:2,6
DA:3,6
DA:4,6
LF:4
LH:4
BRF:0
BRH:0
end_of_record
TN:
SF:src\presentation\middlewares\auth\auth-middleware.ts
FN:4,(anonymous_0)
FN:9,(anonymous_1)
FNF:2
FNH:2
FNDA:15,(anonymous_0)
FNDA:9,(anonymous_1)
DA:1,6
DA:3,6
DA:5,15
DA:6,15
DA:10,9
DA:11,9
DA:12,9
DA:13,6
DA:14,5
DA:16,4
DA:18,1
LF:11
LH:11
BRDA:11,0,0,1
BRDA:11,0,1,8
BRDA:11,1,0,9
BRDA:11,1,1,9
BRDA:12,2,0,6
BRDA:12,2,1,3
BRDA:14,3,0,4
BRDA:14,3,1,1
BRF:8
BRH:8
end_of_record
TN:
SF:src\presentation\protocols\index.ts
FNF:0
FNH:0
DA:1,8
DA:2,8
DA:3,8
DA:4,8
LF:4
LH:4
BRF:0
BRH:0
end_of_record
TN:
SF:src\validation\validators\compare-fields-validation.ts
FN:5,(anonymous_0)
FN:10,(anonymous_1)
FNF:2
FNH:2
FNDA:9,(anonymous_0)
FNDA:3,(anonymous_1)
DA:2,10
DA:4,10
DA:6,9
DA:7,9
DA:11,3
DA:12,1
LF:6
LH:6
BRDA:11,0,0,1
BRDA:11,0,1,2
BRF:2
BRH:2
end_of_record
TN:
SF:src\validation\validators\email-validation.ts
FN:6,(anonymous_0)
FN:11,(anonymous_1)
FNF:2
FNH:2
FNDA:17,(anonymous_0)
FNDA:6,(anonymous_1)
DA:2,10
DA:5,10
DA:7,17
DA:8,17
DA:12,6
DA:13,5
DA:14,1
LF:7
LH:7
BRDA:13,0,0,1
BRDA:13,0,1,4
BRF:2
BRH:2
end_of_record
TN:
SF:src\validation\validators\index.ts
FNF:0
FNH:0
DA:1,9
DA:2,9
DA:3,9
DA:4,9
LF:4
LH:4
BRF:0
BRH:0
end_of_record
TN:
SF:src\validation\validators\required-field-validation.ts
FN:5,(anonymous_0)
FN:7,(anonymous_1)
FNF:2
FNH:2
FNDA:62,(anonymous_0)
FNDA:12,(anonymous_1)
DA:2,10
DA:4,10
DA:5,62
DA:8,12
DA:9,1
LF:5
LH:5
BRDA:8,0,0,1
BRDA:8,0,1,11
BRF:2
BRH:2
end_of_record
TN:
SF:src\validation\validators\validation-composite.ts
FN:4,(anonymous_0)
FN:6,(anonymous_1)
FNF:2
FNH:2
FNDA:18,(anonymous_0)
FNDA:7,(anonymous_1)
DA:3,10
DA:4,18
DA:7,7
DA:8,19
DA:9,19
DA:10,2
LF:6
LH:6
BRDA:9,0,0,2
BRDA:9,0,1,17
BRF:2
BRH:2
end_of_record
